<?xml version="1.0" encoding="UTF-8" ?>
<testsuite tests="7" failures="0" name="runner.TestRunner" time="169.682" errors="0" skipped="0">
  <properties>
[...]
</properties>
  <testcase classname="Cascading Dropdown" name="Verify we can handle Cascading Dropdown" time="26.226"/>
  <testcase classname="Dynamic Table Processing" name="Verify User can able to select a row with the given data #1" time="6.749"/>
  <testcase classname="Dynamic Table Processing" name="Verify User can able to select a row with the given data #2" time="7.465"/>
  <testcase classname="Login functionality" name="Successful login" time="13.548"/>
  <testcase classname="Login functionality" name="UnSuccessful login with invalid credentials" time="13.903"/>
  <testcase classname="Login functionality" name="Login with different credentials #1" time="18.82"/>
  <testcase classname="Login functionality" name="Login with different credentials #2" time="82.971"/>
</testsuite>